<?xml version="1.0" encoding="UTF-8"?>
<!-- Generated by org.testng.reporters.JUnitReportReporter -->
<testsuite hostname="DESKTOP-ITCLR6C" failures="0" tests="1" name="tests.SignInPageTCs" time="0.000" errors="0" timestamp="2023-03-30T23:47:08 IST" skipped="1">
  <testcase classname="tests.SignInPageTCs" name="LogIn" time="0.000">
    <skipped/>
  </testcase> <!-- LogIn -->
  <system-out/>
</testsuite> <!-- tests.SignInPageTCs -->
