<?xml version="1.0" encoding="UTF-8"?>
<!-- Generated by org.testng.reporters.JUnitReportReporter -->
<testsuite hostname="DESKTOP-ITCLR6C" failures="0" tests="1" name="tests.Testcl" time="0.068" errors="0" timestamp="2022-07-29T01:25:18 IST" skipped="0">
  <testcase classname="tests.Testcl" name="test" time="0.068"/>
  <system-out/>
</testsuite> <!-- tests.Testcl -->
