<?xml version="1.0" encoding="UTF-8"?>
<!-- Generated by org.testng.reporters.JUnitReportReporter -->
<testsuite hostname="DESKTOP-ITCLR6C" failures="0" tests="1" name="tests.BaseTest" time="7.423" errors="0" timestamp="2022-07-28T16:47:40 IST" skipped="0">
  <testcase classname="tests.BaseTest" name="setUp" time="7.423"/>
  <system-out/>
</testsuite> <!-- tests.BaseTest -->
